Determining if the pthread_create exist failed with the following output:
Change Dir: /home/iismn/IISMN_CODE/NAVER_LABS/IISMN/Place_Recognition_FBoW/build/CMakeFiles/CMakeTmp

Run Build Command:"/usr/bin/make" "cmTC_251ba/fast"
/usr/bin/make -f CMakeFiles/cmTC_251ba.dir/build.make CMakeFiles/cmTC_251ba.dir/build
make[1]: 디렉터리 '/home/iismn/IISMN_CODE/NAVER_LABS/IISMN/Place_Recognition_FBoW/build/CMakeFiles/CMakeTmp' 들어감
Building C object CMakeFiles/cmTC_251ba.dir/CheckSymbolExists.c.o
/usr/bin/cc    -o CMakeFiles/cmTC_251ba.dir/CheckSymbolExists.c.o   -c /home/iismn/IISMN_CODE/NAVER_LABS/IISMN/Place_Recognition_FBoW/build/CMakeFiles/CMakeTmp/CheckSymbolExists.c
Linking C executable cmTC_251ba
/usr/bin/cmake -E cmake_link_script CMakeFiles/cmTC_251ba.dir/link.txt --verbose=1
/usr/bin/cc      -rdynamic CMakeFiles/cmTC_251ba.dir/CheckSymbolExists.c.o  -o cmTC_251ba 
CMakeFiles/cmTC_251ba.dir/CheckSymbolExists.c.o: In function `main':
CheckSymbolExists.c:(.text+0x1b): undefined reference to `pthread_create'
collect2: error: ld returned 1 exit status
CMakeFiles/cmTC_251ba.dir/build.make:97: recipe for target 'cmTC_251ba' failed
make[1]: *** [cmTC_251ba] Error 1
make[1]: 디렉터리 '/home/iismn/IISMN_CODE/NAVER_LABS/IISMN/Place_Recognition_FBoW/build/CMakeFiles/CMakeTmp' 나감
Makefile:126: recipe for target 'cmTC_251ba/fast' failed
make: *** [cmTC_251ba/fast] Error 2

File /home/iismn/IISMN_CODE/NAVER_LABS/IISMN/Place_Recognition_FBoW/build/CMakeFiles/CMakeTmp/CheckSymbolExists.c:
/* */
#include <pthread.h>

int main(int argc, char** argv)
{
  (void)argv;
#ifndef pthread_create
  return ((int*)(&pthread_create))[argc];
#else
  (void)argc;
  return 0;
#endif
}

Determining if the function pthread_create exists in the pthreads failed with the following output:
Change Dir: /home/iismn/IISMN_CODE/NAVER_LABS/IISMN/Place_Recognition_FBoW/build/CMakeFiles/CMakeTmp

Run Build Command:"/usr/bin/make" "cmTC_afc73/fast"
/usr/bin/make -f CMakeFiles/cmTC_afc73.dir/build.make CMakeFiles/cmTC_afc73.dir/build
make[1]: 디렉터리 '/home/iismn/IISMN_CODE/NAVER_LABS/IISMN/Place_Recognition_FBoW/build/CMakeFiles/CMakeTmp' 들어감
Building C object CMakeFiles/cmTC_afc73.dir/CheckFunctionExists.c.o
/usr/bin/cc   -DCHECK_FUNCTION_EXISTS=pthread_create   -o CMakeFiles/cmTC_afc73.dir/CheckFunctionExists.c.o   -c /usr/share/cmake-3.10/Modules/CheckFunctionExists.c
Linking C executable cmTC_afc73
/usr/bin/cmake -E cmake_link_script CMakeFiles/cmTC_afc73.dir/link.txt --verbose=1
/usr/bin/cc  -DCHECK_FUNCTION_EXISTS=pthread_create    -rdynamic CMakeFiles/cmTC_afc73.dir/CheckFunctionExists.c.o  -o cmTC_afc73 -lpthreads 
/usr/bin/ld: cannot find -lpthreads
collect2: error: ld returned 1 exit status
CMakeFiles/cmTC_afc73.dir/build.make:97: recipe for target 'cmTC_afc73' failed
make[1]: *** [cmTC_afc73] Error 1
make[1]: 디렉터리 '/home/iismn/IISMN_CODE/NAVER_LABS/IISMN/Place_Recognition_FBoW/build/CMakeFiles/CMakeTmp' 나감
Makefile:126: recipe for target 'cmTC_afc73/fast' failed
make: *** [cmTC_afc73/fast] Error 2


